<?xml version="1.0" encoding="UTF-8"?>
<testExecutions version="1">
  <file path="D:\WGS\Melawai\opmre-fe\src\__test__\component\loginRegister\RegisterMailOTPForm.test.tsx">
    <testCase name="Input mail otp" duration="171"/>
  </file>
  <file path="D:\WGS\Melawai\opmre-fe\src\__test__\component\loginRegister\RegisterPhoneNumberOTPForm.test.tsx">
    <testCase name="Should render form" duration="218"/>
  </file>
  <file path="D:\WGS\Melawai\opmre-fe\src\__test__\component\loginRegister\RegisterPhoneNumberForm.test.tsx">
    <testCase name="Should render phone number form" duration="267"/>
    <testCase name="Input number phone" duration="86"/>
  </file>
  <file path="D:\WGS\Melawai\opmre-fe\src\__test__\component\loginRegister\RegisterMailForm.test.tsx">
    <testCase name="Should render mail form" duration="250"/>
    <testCase name="Input mail" duration="387"/>
  </file>
  <file path="D:\WGS\Melawai\opmre-fe\src\__test__\component\loginRegister\RegisterForm.test.tsx">
    <testCase name="Should render form register" duration="744"/>
  </file>
  <file path="D:\WGS\Melawai\opmre-fe\src\__test__\container\member\PageProfileContainer\edit.test.tsx">
    <testCase name="PageProfileEditMemberContainer should render PageProfileEditMemberContainer with pre-filled data and update the address input" duration="668"/>
  </file>
  <file path="D:\WGS\Melawai\opmre-fe\src\__test__\component\loginRegister\LoginForm.test.tsx">
    <testCase name="Should render form login" duration="738"/>
  </file>
</testExecutions>